<?xml version="1.0" encoding="UTF-8"?>
<!-- Generated by org.testng.reporters.JUnitReportReporter -->
<testsuite hostname="DESKTOP-T5MI7TC" failures="0" tests="1" name="Retailer_Module.New_Order_testNG" time="11.467" errors="0" timestamp="2023-01-11T11:05:25 IST" skipped="0">
  <testcase classname="Retailer_Module.New_Order_testNG" name="script" time="11.467"/>
  <system-out/>
</testsuite> <!-- Retailer_Module.New_Order_testNG -->
