<?xml version="1.0" encoding="UTF-8"?>
<!-- Generated by org.testng.reporters.JUnitReportReporter -->
<testsuite hostname="DESKTOP-T5MI7TC" failures="0" tests="1" name="Practice.Task11" time="18.454" errors="0" timestamp="2023-04-19T18:01:45 IST" skipped="0">
  <testcase classname="Practice.Task11" name="test" time="18.454"/>
  <system-out/>
</testsuite> <!-- Practice.Task11 -->
