<?xml version="1.0" encoding="UTF-8"?>
<!-- Generated by org.testng.reporters.JUnitReportReporter -->
<testsuite hostname="DESKTOP-T5MI7TC" failures="0" tests="2" name="Practice.Sample1testNG" time="0.020" errors="0" timestamp="2023-01-10T12:52:34 IST" skipped="0">
  <testcase classname="Practice.Sample1testNG" name="sample2" time="0.006"/>
  <system-out/>
  <testcase classname="Practice.Sample1testNG" name="sample1" time="0.014"/>
  <system-out/>
</testsuite> <!-- Practice.Sample1testNG -->
