<?xml version="1.0" encoding="UTF-8"?>
<!-- Generated by org.testng.reporters.JUnitReportReporter -->
<testsuite hostname="DESKTOP-T5MI7TC" failures="0" tests="1" name="Practice.Testtttt" time="61.104" errors="0" timestamp="2023-03-15T14:09:21 IST" skipped="0">
  <testcase classname="Practice.Testtttt" name="test" time="61.104"/>
  <system-out/>
</testsuite> <!-- Practice.Testtttt -->
