<?xml version="1.0" encoding="UTF-8"?>
<!-- Generated by org.testng.reporters.JUnitReportReporter -->
<testsuite hostname="DESKTOP-T5MI7TC" failures="0" tests="2" name="Practice.Sample2testNG$Sample1testNG" time="0.007" errors="0" timestamp="2023-01-10T12:52:34 IST" skipped="0">
  <testcase classname="Practice.Sample2testNG$Sample1testNG" name="sample3" time="0.003"/>
  <system-out/>
  <testcase classname="Practice.Sample2testNG$Sample1testNG" name="sample4" time="0.004"/>
  <system-out/>
</testsuite> <!-- Practice.Sample2testNG$Sample1testNG -->
