<?xml version="1.0" encoding="UTF-8"?>
<!-- Generated by org.testng.reporters.JUnitReportReporter -->
<testsuite hostname="DESKTOP-T5MI7TC" failures="0" tests="1" name="Practice.SCRIPT" time="9.837" errors="0" timestamp="2023-04-27T23:21:31 IST" skipped="0">
  <testcase classname="Practice.SCRIPT" name="testtt" time="9.837"/>
  <system-out/>
</testsuite> <!-- Practice.SCRIPT -->
