<?xml version="1.0" encoding="UTF-8"?>
<!-- Generated by org.testng.reporters.JUnitReportReporter -->
<testsuite hostname="DESKTOP-T5MI7TC" failures="0" tests="2" name="Practice.UseOfAnnotationtestNG" time="0.021" errors="0" timestamp="2023-01-09T14:27:54 IST" skipped="0">
  <testcase classname="Practice.UseOfAnnotationtestNG" name="admin" time="0.015"/>
  <system-out/>
  <testcase classname="Practice.UseOfAnnotationtestNG" name="manufacturer" time="0.006"/>
  <system-out/>
</testsuite> <!-- Practice.UseOfAnnotationtestNG -->
