<?xml version="1.0" encoding="UTF-8"?>
<!-- Generated by org.testng.reporters.JUnitReportReporter -->
<testsuite hostname="DESKTOP-T5MI7TC" failures="0" tests="3" name="Practice.DataprovidertestNG" time="0.024" errors="0" timestamp="2023-01-19T17:19:20 IST" skipped="0">
  <testcase classname="Practice.DataprovidertestNG" name="travel" time="0.006"/>
  <system-out/>
  <testcase classname="Practice.DataprovidertestNG" name="travel" time="0.003"/>
  <system-out/>
  <testcase classname="Practice.DataprovidertestNG" name="travel" time="0.015"/>
  <system-out/>
</testsuite> <!-- Practice.DataprovidertestNG -->
