<?xml version="1.0" encoding="UTF-8"?>
<!-- Generated by org.testng.reporters.JUnitReportReporter -->
<testsuite hostname="DESKTOP-T5MI7TC" failures="0" tests="2" name="Practice.Groupexecution1" time="0.036" errors="0" timestamp="2023-01-18T11:36:41 IST" skipped="0">
  <testcase classname="Practice.Groupexecution1" name="sample2" time="0.003"/>
  <system-out/>
  <testcase classname="Practice.Groupexecution1" name="sample1" time="0.033"/>
  <system-out/>
</testsuite> <!-- Practice.Groupexecution1 -->
