<?xml version="1.0" encoding="UTF-8"?>
<!-- Generated by org.testng.reporters.JUnitReportReporter -->
<testsuite hostname="DESKTOP-T5MI7TC" failures="0" tests="1" name="Retailer_Admin_Module.ValidateNewOrderIsCreated_TestNG" time="1.655" errors="0" timestamp="2023-01-11T11:24:06 IST" skipped="0">
  <testcase classname="Retailer_Admin_Module.ValidateNewOrderIsCreated_TestNG" name="Script" time="1.655"/>
  <system-out/>
</testsuite> <!-- Retailer_Admin_Module.ValidateNewOrderIsCreated_TestNG -->
