<?xml version="1.0" encoding="UTF-8"?>
<!-- Generated by org.testng.reporters.JUnitReportReporter -->
<testsuite hostname="DESKTOP-T5MI7TC" failures="0" tests="4" name="Practice.SampleTestNG" time="0.025" errors="0" timestamp="2023-01-06T15:06:07 IST" skipped="0">
  <testcase classname="Practice.SampleTestNG" name="delete" time="0.003"/>
  <system-out/>
  <testcase classname="Practice.SampleTestNG" name="update" time="0.003"/>
  <system-out/>
  <testcase classname="Practice.SampleTestNG" name="create" time="0.016"/>
  <system-out/>
  <testcase classname="Practice.SampleTestNG" name="delete" time="0.003"/>
  <system-out/>
</testsuite> <!-- Practice.SampleTestNG -->
