<?xml version="1.0" encoding="UTF-8"?>
<!-- Generated by org.testng.reporters.JUnitReportReporter -->
<testsuite hostname="DESKTOP-T5MI7TC" failures="0" tests="2" name="Practice.Groupexecution2" time="0.011" errors="0" timestamp="2023-01-18T11:36:41 IST" skipped="0">
  <testcase classname="Practice.Groupexecution2" name="sample4" time="0.004"/>
  <system-out/>
  <testcase classname="Practice.Groupexecution2" name="sample3" time="0.007"/>
  <system-out/>
</testsuite> <!-- Practice.Groupexecution2 -->
