<?xml version="1.0" encoding="UTF-8"?>
<!-- Generated by org.testng.reporters.JUnitReportReporter -->
<testsuite hostname="DESKTOP-T5MI7TC" failures="0" tests="2" name="Practice.ReaddatafromexcelbyusingDPTestNG" time="0.015" errors="0" timestamp="2023-01-19T17:22:12 IST" skipped="0">
  <testcase classname="Practice.ReaddatafromexcelbyusingDPTestNG" name="readdata" time="0.010"/>
  <system-out/>
  <testcase classname="Practice.ReaddatafromexcelbyusingDPTestNG" name="readdata" time="0.005"/>
  <system-out/>
</testsuite> <!-- Practice.ReaddatafromexcelbyusingDPTestNG -->
