<?xml version="1.0" encoding="UTF-8"?>
<!-- Generated by org.testng.reporters.JUnitReportReporter -->
<testsuite hostname="DESKTOP-T5MI7TC" failures="0" tests="1" name="Practice.Practice" time="569.871" errors="0" timestamp="2023-03-20T23:17:42 IST" skipped="0">
  <testcase classname="Practice.Practice" name="prrrr" time="569.871"/>
  <system-out/>
</testsuite> <!-- Practice.Practice -->
