<?xml version="1.0" encoding="UTF-8"?>
<!-- Generated by org.testng.reporters.JUnitReportReporter -->
<testsuite hostname="DESKTOP-T5MI7TC" failures="0" tests="2" name="Practice.fetch_data_from_excel" time="0.012" errors="0" timestamp="2023-01-11T20:13:30 IST" skipped="0">
  <testcase classname="Practice.fetch_data_from_excel" name="sighnup" time="0.010"/>
  <system-out/>
  <testcase classname="Practice.fetch_data_from_excel" name="sighnup" time="0.002"/>
  <system-out/>
</testsuite> <!-- Practice.fetch_data_from_excel -->
