<?xml version="1.0" encoding="UTF-8"?>
<!-- Generated by org.testng.reporters.JUnitReportReporter -->
<testsuite hostname="DESKTOP-T5MI7TC" failures="0" tests="1" name="Practice.NEW" time="20.112" errors="0" timestamp="2023-05-11T17:01:27 IST" skipped="0">
  <testcase classname="Practice.NEW" name="testtt" time="20.112"/>
  <system-out/>
</testsuite> <!-- Practice.NEW -->
