<?xml version="1.0" encoding="UTF-8"?>
<!-- Generated by org.testng.reporters.JUnitReportReporter -->
<testsuite hostname="DESKTOP-T5MI7TC" failures="0" tests="2" name="Practice.Sample3testNG" time="0.003" errors="0" timestamp="2023-01-10T12:52:34 IST" skipped="0">
  <testcase classname="Practice.Sample3testNG" name="sample5" time="0.002"/>
  <system-out/>
  <testcase classname="Practice.Sample3testNG" name="sample6" time="0.001"/>
  <system-out/>
</testsuite> <!-- Practice.Sample3testNG -->
