<?xml version="1.0" encoding="UTF-8"?>
<!-- Generated by org.testng.reporters.JUnitReportReporter -->
<testsuite hostname="DESKTOP-T5MI7TC" failures="0" tests="3" name="Practice.DataprovidertestNG" time="0.038" errors="0" timestamp="2023-03-08T23:54:06 IST" skipped="0">
  <testcase classname="Practice.DataprovidertestNG" name="travel" time="0.005"/>
  <system-out/>
  <testcase classname="Practice.DataprovidertestNG" name="travel" time="0.005"/>
  <system-out/>
  <testcase classname="Practice.DataprovidertestNG" name="travel" time="0.028"/>
  <system-out/>
</testsuite> <!-- Practice.DataprovidertestNG -->
