<?xml version="1.0" encoding="UTF-8"?>
<!-- Generated by org.testng.reporters.JUnitReportReporter -->
<testsuite hostname="DESKTOP-T5MI7TC" failures="0" tests="1" name="Practice.FLIXBUS" time="29.908" errors="0" timestamp="2023-04-25T21:52:37 IST" skipped="0">
  <testcase classname="Practice.FLIXBUS" name="flix" time="29.908"/>
  <system-out/>
</testsuite> <!-- Practice.FLIXBUS -->
